#
# There is insufficient memory for the Java Runtime Environment to continue.
# Native memory allocation (malloc) failed to allocate 32744 bytes for ChunkPool::allocate
# Possible reasons:
#   The system is out of physical RAM or swap space
#   The process is running with CompressedOops enabled, and the Java Heap may be blocking the growth of the native heap
# Possible solutions:
#   Reduce memory load on the system
#   Increase physical memory or swap space
#   Check if swap backing store is full
#   Decrease Java heap size (-Xmx/-Xms)
#   Decrease number of Java threads
#   Decrease Java thread stack sizes (-Xss)
#   Set larger code cache with -XX:ReservedCodeCacheSize=
#   JVM is running with Unscaled Compressed Oops mode in which the Java heap is
#     placed in the first 4GB address space. The Java Heap base address is the
#     maximum limit for the native heap growth. Please use -XX:HeapBaseMinAddress
#     to set the Java Heap base and to place the Java Heap above 4GB virtual address.
# This output file may be truncated or incomplete.
#
#  Out of Memory Error (allocation.cpp:272), pid=7420, tid=0x0000000000002fb8
#
# JRE version: OpenJDK Runtime Environment (8.0_242-b01) (build 1.8.0_242-release-1644-b01)
# Java VM: OpenJDK 64-Bit Server VM (25.242-b01 mixed mode windows-amd64 compressed oops)
# Failed to write core dump. Minidumps are not enabled by default on client versions of Windows
#

---------------  T H R E A D  ---------------

Current thread (0x000000001a3d0800):  JavaThread "Daemon worker" [_thread_in_vm, id=12216, stack(0x000000001b740000,0x000000001b840000)]

Stack: [0x000000001b740000,0x000000001b840000]
[error occurred during error reporting (printing stack bounds), id 0xc0000005]

Native frames: (J=compiled Java code, j=interpreted, Vv=VM code, C=native code)

Java frames: (J=compiled Java code, j=interpreted, Vv=VM code)
J 391  java.lang.Throwable.fillInStackTrace(I)Ljava/lang/Throwable; (0 bytes) @ 0x0000000002c4d9fb [0x0000000002c4d9c0+0x3b]
J 1550 C2 java.lang.ReflectiveOperationException.<init>(Ljava/lang/String;Ljava/lang/Throwable;)V (7 bytes) @ 0x0000000002fae560 [0x0000000002fae4a0+0xc0]
J 1416 C2 java.net.URLClassLoader.findClass(Ljava/lang/String;)Ljava/lang/Class; (47 bytes) @ 0x0000000002f3d2ec [0x0000000002f3d1e0+0x10c]
J 2017 C1 java.lang.ClassLoader.loadClass(Ljava/lang/String;Z)Ljava/lang/Class; (122 bytes) @ 0x000000000318cc94 [0x000000000318c340+0x954]
J 2017 C1 java.lang.ClassLoader.loadClass(Ljava/lang/String;Z)Ljava/lang/Class; (122 bytes) @ 0x000000000318ca34 [0x000000000318c340+0x6f4]
J 2017 C1 java.lang.ClassLoader.loadClass(Ljava/lang/String;Z)Ljava/lang/Class; (122 bytes) @ 0x000000000318ca34 [0x000000000318c340+0x6f4]
J 2017 C1 java.lang.ClassLoader.loadClass(Ljava/lang/String;Z)Ljava/lang/Class; (122 bytes) @ 0x000000000318ca34 [0x000000000318c340+0x6f4]
J 2355 C2 java.lang.ClassLoader.loadClass(Ljava/lang/String;)Ljava/lang/Class; (7 bytes) @ 0x0000000003335940 [0x0000000003335900+0x40]
v  ~StubRoutines::call_stub
J 822  java.lang.ClassLoader.defineClass1(Ljava/lang/String;[BIILjava/security/ProtectionDomain;Ljava/lang/String;)Ljava/lang/Class; (0 bytes) @ 0x0000000002db761f [0x0000000002db7580+0x9f]
J 486 C1 java.lang.ClassLoader.defineClass(Ljava/lang/String;[BIILjava/security/ProtectionDomain;)Ljava/lang/Class; (43 bytes) @ 0x0000000002c9bae4 [0x0000000002c9b500+0x5e4]
J 436 C1 java.net.URLClassLoader.defineClass(Ljava/lang/String;Lsun/misc/Resource;)Ljava/lang/Class; (142 bytes) @ 0x0000000002c78d24 [0x0000000002c771c0+0x1b64]
J 1799 C1 java.net.URLClassLoader$1.run()Ljava/lang/Class; (63 bytes) @ 0x000000000306ca54 [0x000000000306c7a0+0x2b4]
J 1792 C1 java.net.URLClassLoader$1.run()Ljava/lang/Object; (5 bytes) @ 0x000000000306db7c [0x000000000306db00+0x7c]
v  ~StubRoutines::call_stub
J 276  java.security.AccessController.doPrivileged(Ljava/security/PrivilegedExceptionAction;Ljava/security/AccessControlContext;)Ljava/lang/Object; (0 bytes) @ 0x0000000002c15fa6 [0x0000000002c15f40+0x66]
J 1416 C2 java.net.URLClassLoader.findClass(Ljava/lang/String;)Ljava/lang/Class; (47 bytes) @ 0x0000000002f3d270 [0x0000000002f3d1e0+0x90]
J 1434 C1 org.gradle.internal.classloader.TransformingClassLoader.findClass(Ljava/lang/String;)Ljava/lang/Class; (203 bytes) @ 0x0000000002f53c84 [0x0000000002f52400+0x1884]
J 2017 C1 java.lang.ClassLoader.loadClass(Ljava/lang/String;Z)Ljava/lang/Class; (122 bytes) @ 0x000000000318cc94 [0x000000000318c340+0x954]
J 2355 C2 java.lang.ClassLoader.loadClass(Ljava/lang/String;)Ljava/lang/Class; (7 bytes) @ 0x0000000003335940 [0x0000000003335900+0x40]
v  ~StubRoutines::call_stub
j  org.gradle.api.internal.artifacts.DefaultImmutableModuleIdentifierFactory.moduleWithVersion(Lorg/gradle/api/artifacts/ModuleIdentifier;Ljava/lang/String;)Lorg/gradle/api/artifacts/ModuleVersionIdentifier;+71
j  org.gradle.api.internal.artifacts.DefaultImmutableModuleIdentifierFactory.moduleWithVersion(Ljava/lang/String;Ljava/lang/String;Ljava/lang/String;)Lorg/gradle/api/artifacts/ModuleVersionIdentifier;+12
j  org.gradle.api.internal.artifacts.ivyservice.moduleconverter.DefaultRootComponentMetadataBuilder.buildRootComponentMetadata(Lorg/gradle/api/internal/artifacts/Module;Lorg/gradle/api/artifacts/component/ComponentIdentifier;)Lorg/gradle/internal/component/local/model/DefaultLocalComponentMetadata;+22
j  org.gradle.api.internal.artifacts.ivyservice.moduleconverter.DefaultRootComponentMetadataBuilder.toRootComponentMetaData()Lorg/gradle/internal/component/model/ComponentResolveMetadata;+37
j  org.gradle.api.internal.artifacts.configurations.DefaultConfiguration.toRootComponentMetaData()Lorg/gradle/internal/component/model/ComponentResolveMetadata;+4
j  org.gradle.api.internal.artifacts.ivyservice.resolveengine.DefaultArtifactDependencyResolver$DefaultResolveContextToComponentResolver.resolve(Lorg/gradle/api/internal/artifacts/ResolveContext;Lorg/gradle/internal/resolve/result/BuildableComponentResolveResult;)V+2
j  org.gradle.api.internal.artifacts.ivyservice.resolveengine.graph.builder.DependencyGraphBuilder.resolve(Lorg/gradle/api/internal/artifacts/ResolveContext;Lorg/gradle/api/internal/artifacts/ivyservice/resolveengine/graph/DependencyGraphVisitor;)V+24
j  org.gradle.api.internal.artifacts.ivyservice.resolveengine.DefaultArtifactDependencyResolver.resolve(Lorg/gradle/api/internal/artifacts/ResolveContext;Ljava/util/List;Lorg/gradle/api/internal/artifacts/GlobalDependencyResolutionRules;Lorg/gradle/api/specs/Spec;Lorg/gradle/api/internal/artifacts/ivyservice/resolveengine/graph/DependencyGraphVisitor;Lorg/gradle/api/internal/artifacts/ivyservice/resolveengine/artifact/DependencyArtifactsVisitor;Lorg/gradle/api/internal/attributes/AttributesSchemaInternal;Lorg/gradle/api/internal/artifacts/type/ArtifactTypeRegistry;)V+91
j  org.gradle.api.internal.artifacts.ivyservice.DefaultConfigurationResolver.resolveGraph(Lorg/gradle/api/internal/artifacts/configurations/ConfigurationInternal;Lorg/gradle/api/internal/artifacts/ResolverResults;)V+371
j  org.gradle.api.internal.artifacts.ivyservice.ShortCircuitEmptyConfigurationResolver.resolveGraph(Lorg/gradle/api/internal/artifacts/configurations/ConfigurationInternal;Lorg/gradle/api/internal/artifacts/ResolverResults;)V+30
j  org.gradle.api.internal.artifacts.ivyservice.ErrorHandlingConfigurationResolver.resolveGraph(Lorg/gradle/api/internal/artifacts/configurations/ConfigurationInternal;Lorg/gradle/api/internal/artifacts/ResolverResults;)V+6
j  org.gradle.api.internal.artifacts.configurations.DefaultConfiguration$7.run(Lorg/gradle/internal/operations/BuildOperationContext;)V+66
j  org.gradle.internal.operations.DefaultBuildOperationExecutor$RunnableBuildOperationWorker.execute(Lorg/gradle/internal/operations/RunnableBuildOperation;Lorg/gradle/internal/operations/BuildOperationContext;)V+2
j  org.gradle.internal.operations.DefaultBuildOperationExecutor$RunnableBuildOperationWorker.execute(Lorg/gradle/internal/operations/BuildOperation;Lorg/gradle/internal/operations/BuildOperationContext;)V+6
j  org.gradle.internal.operations.DefaultBuildOperationExecutor$1.execute(Lorg/gradle/internal/operations/BuildOperationDescriptor;Lorg/gradle/internal/operations/DefaultBuildOperationExecutor$DefaultBuildOperationContext;Lorg/gradle/internal/operations/DefaultBuildOperationExecutor$BuildOperationExecutionListener;)Lorg/gradle/internal/operations/BuildOperation;+18
j  org.gradle.internal.operations.DefaultBuildOperationExecutor.execute(Lorg/gradle/internal/operations/BuildOperationDescriptor$Builder;Lorg/gradle/internal/operations/DefaultBuildOperationExecutor$BuildOperationState;Lorg/gradle/internal/operations/DefaultBuildOperationExecutor$BuildOperationExecution;)Lorg/gradle/internal/operations/BuildOperation;+105
j  org.gradle.internal.operations.DefaultBuildOperationExecutor.execute(Lorg/gradle/internal/operations/BuildOperation;Lorg/gradle/internal/operations/BuildOperationWorker;Lorg/gradle/internal/operations/DefaultBuildOperationExecutor$BuildOperationState;)V+22
j  org.gradle.internal.operations.DefaultBuildOperationExecutor.run(Lorg/gradle/internal/operations/RunnableBuildOperation;)V+10
j  org.gradle.internal.operations.DelegatingBuildOperationExecutor.run(Lorg/gradle/internal/operations/RunnableBuildOperation;)V+5
j  org.gradle.api.internal.artifacts.configurations.DefaultConfiguration.resolveGraphIfRequired(Lorg/gradle/api/internal/artifacts/configurations/ConfigurationInternal$InternalState;)V+65
j  org.gradle.api.internal.artifacts.configurations.DefaultConfiguration.access$600(Lorg/gradle/api/internal/artifacts/configurations/DefaultConfiguration;Lorg/gradle/api/internal/artifacts/configurations/ConfigurationInternal$InternalState;)V+2
j  org.gradle.api.internal.artifacts.configurations.DefaultConfiguration$6.run()V+28
j  org.gradle.api.internal.project.DefaultProjectStateRegistry$SafeExclusiveLockImpl.withLock(Ljava/lang/Runnable;)V+11
j  org.gradle.api.internal.artifacts.configurations.DefaultConfiguration.resolveExclusively(Lorg/gradle/api/internal/artifacts/configurations/ConfigurationInternal$InternalState;)V+13
j  org.gradle.api.internal.artifacts.configurations.DefaultConfiguration.resolveToStateOrLater(Lorg/gradle/api/internal/artifacts/configurations/ConfigurationInternal$InternalState;)V+87
j  org.gradle.api.internal.artifacts.configurations.DefaultConfiguration.access$2200(Lorg/gradle/api/internal/artifacts/configurations/DefaultConfiguration;Lorg/gradle/api/internal/artifacts/configurations/ConfigurationInternal$InternalState;)V+2
j  org.gradle.api.internal.artifacts.configurations.DefaultConfiguration$ConfigurationFileCollection.getSelectedArtifacts()Lorg/gradle/api/internal/artifacts/ivyservice/resolveengine/artifact/SelectedArtifactSet;+14
j  org.gradle.api.internal.artifacts.configurations.DefaultConfiguration$ConfigurationFileCollection.access$3600(Lorg/gradle/api/internal/artifacts/configurations/DefaultConfiguration$ConfigurationFileCollection;)Lorg/gradle/api/internal/artifacts/ivyservice/resolveengine/artifact/SelectedArtifactSet;+1
j  org.gradle.api.internal.artifacts.configurations.DefaultConfiguration$ConfigurationArtifactCollection.ensureResolved()V+20
j  org.gradle.api.internal.artifacts.configurations.DefaultConfiguration$ConfigurationArtifactCollection.getArtifacts()Ljava/util/Set;+1
j  org.gradle.composite.internal.CompositeBuildClassPathInitializer.execute(Lorg/gradle/api/artifacts/Configuration;)V+15
j  org.gradle.composite.internal.CompositeBuildClassPathInitializer.execute(Ljava/lang/Object;)V+5
j  org.gradle.api.internal.initialization.DefaultScriptClassPathResolver.resolveClassPath(Lorg/gradle/api/artifacts/Configuration;)Lorg/gradle/internal/classpath/ClassPath;+39
j  org.gradle.api.internal.initialization.DefaultScriptHandler.getScriptClassPath()Lorg/gradle/internal/classpath/ClassPath;+8
j  org.gradle.plugin.use.internal.DefaultPluginRequestApplicator.defineScriptHandlerClassScope(Lorg/gradle/api/internal/initialization/ScriptHandlerInternal;Lorg/gradle/api/internal/initialization/ClassLoaderScope;Ljava/lang/Iterable;)V+1
j  org.gradle.plugin.use.internal.DefaultPluginRequestApplicator.applyPlugins(Lorg/gradle/plugin/management/internal/PluginRequests;Lorg/gradle/api/internal/initialization/ScriptHandlerInternal;Lorg/gradle/api/internal/plugins/PluginManagerInternal;Lorg/gradle/api/internal/initialization/ClassLoaderScope;)V+20
j  org.gradle.configuration.DefaultScriptPluginFactory$ScriptPluginImpl.apply(Ljava/lang/Object;)V+467
j  org.gradle.configuration.BuildOperationScriptPlugin$1$1.run(Lorg/gradle/internal/operations/BuildOperationContext;)V+17
j  org.gradle.internal.operations.DefaultBuildOperationExecutor$RunnableBuildOperationWorker.execute(Lorg/gradle/internal/operations/RunnableBuildOperation;Lorg/gradle/internal/operations/BuildOperationContext;)V+2
j  org.gradle.internal.operations.DefaultBuildOperationExecutor$RunnableBuildOperationWorker.execute(Lorg/gradle/internal/operations/BuildOperation;Lorg/gradle/internal/operations/BuildOperationContext;)V+6
j  org.gradle.internal.operations.DefaultBuildOperationExecutor$1.execute(Lorg/gradle/internal/operations/BuildOperationDescriptor;Lorg/gradle/internal/operations/DefaultBuildOperationExecutor$DefaultBuildOperationContext;Lorg/gradle/internal/operations/DefaultBuildOperationExecutor$BuildOperationExecutionListener;)Lorg/gradle/internal/operations/BuildOperation;+18
j  org.gradle.internal.operations.DefaultBuildOperationExecutor.execute(Lorg/gradle/internal/operations/BuildOperationDescriptor$Builder;Lorg/gradle/internal/operations/DefaultBuildOperationExecutor$BuildOperationState;Lorg/gradle/internal/operations/DefaultBuildOperationExecutor$BuildOperationExecution;)Lorg/gradle/internal/operations/BuildOperation;+105
j  org.gradle.internal.operations.DefaultBuildOperationExecutor.execute(Lorg/gradle/internal/operations/BuildOperation;Lorg/gradle/internal/operations/BuildOperationWorker;Lorg/gradle/internal/operations/DefaultBuildOperationExecutor$BuildOperationState;)V+22
j  org.gradle.internal.operations.DefaultBuildOperationExecutor.run(Lorg/gradle/internal/operations/RunnableBuildOperation;)V+10
j  org.gradle.internal.operations.DelegatingBuildOperationExecutor.run(Lorg/gradle/internal/operations/RunnableBuildOperation;)V+5
j  org.gradle.configuration.BuildOperationScriptPlugin$1.execute(Lorg/gradle/configuration/internal/UserCodeApplicationId;)V+16
j  org.gradle.configuration.BuildOperationScriptPlugin$1.execute(Ljava/lang/Object;)V+5
j  org.gradle.configuration.internal.DefaultUserCodeApplicationContext.apply(Lorg/gradle/api/Action;)V+19
j  org.gradle.configuration.BuildOperationScriptPlugin.apply(Ljava/lang/Object;)V+54
j  org.gradle.configuration.DefaultInitScriptProcessor.process(Lorg/gradle/groovy/scripts/ScriptSource;Lorg/gradle/api/internal/GradleInternal;)V+118
j  org.gradle.initialization.InitScriptHandler$1.run(Lorg/gradle/internal/operations/BuildOperationContext;)V+68
j  org.gradle.internal.operations.DefaultBuildOperationExecutor$RunnableBuildOperationWorker.execute(Lorg/gradle/internal/operations/RunnableBuildOperation;Lorg/gradle/internal/operations/BuildOperationContext;)V+2
j  org.gradle.internal.operations.DefaultBuildOperationExecutor$RunnableBuildOperationWorker.execute(Lorg/gradle/internal/operations/BuildOperation;Lorg/gradle/internal/operations/BuildOperationContext;)V+6
j  org.gradle.internal.operations.DefaultBuildOperationExecutor$1.execute(Lorg/gradle/internal/operations/BuildOperationDescriptor;Lorg/gradle/internal/operations/DefaultBuildOperationExecutor$DefaultBuildOperationContext;Lorg/gradle/internal/operations/DefaultBuildOperationExecutor$BuildOperationExecutionListener;)Lorg/gradle/internal/operations/BuildOperation;+18
j  org.gradle.internal.operations.DefaultBuildOperationExecutor.execute(Lorg/gradle/internal/operations/BuildOperationDescriptor$Builder;Lorg/gradle/internal/operations/DefaultBuildOperationExecutor$BuildOperationState;Lorg/gradle/internal/operations/DefaultBuildOperationExecutor$BuildOperationExecution;)Lorg/gradle/internal/operations/BuildOperation;+105
j  org.gradle.internal.operations.DefaultBuildOperationExecutor.execute(Lorg/gradle/internal/operations/BuildOperation;Lorg/gradle/internal/operations/BuildOperationWorker;Lorg/gradle/internal/operations/DefaultBuildOperationExecutor$BuildOperationState;)V+22
j  org.gradle.internal.operations.DefaultBuildOperationExecutor.run(Lorg/gradle/internal/operations/RunnableBuildOperation;)V+10
j  org.gradle.internal.operations.DelegatingBuildOperationExecutor.run(Lorg/gradle/internal/operations/RunnableBuildOperation;)V+5
j  org.gradle.initialization.InitScriptHandler.executeScripts(Lorg/gradle/api/internal/GradleInternal;)V+34
j  org.gradle.initialization.DefaultGradleLauncher$LoadBuild.run(Lorg/gradle/internal/operations/BuildOperationContext;)V+14
j  org.gradle.internal.operations.DefaultBuildOperationExecutor$RunnableBuildOperationWorker.execute(Lorg/gradle/internal/operations/RunnableBuildOperation;Lorg/gradle/internal/operations/BuildOperationContext;)V+2
j  org.gradle.internal.operations.DefaultBuildOperationExecutor$RunnableBuildOperationWorker.execute(Lorg/gradle/internal/operations/BuildOperation;Lorg/gradle/internal/operations/BuildOperationContext;)V+6
j  org.gradle.internal.operations.DefaultBuildOperationExecutor$1.execute(Lorg/gradle/internal/operations/BuildOperationDescriptor;Lorg/gradle/internal/operations/DefaultBuildOperationExecutor$DefaultBuildOperationContext;Lorg/gradle/internal/operations/DefaultBuildOperationExecutor$BuildOperationExecutionListener;)Lorg/gradle/internal/operations/BuildOperation;+18
j  org.gradle.internal.operations.DefaultBuildOperationExecutor.execute(Lorg/gradle/internal/operations/BuildOperationDescriptor$Builder;Lorg/gradle/internal/operations/DefaultBuildOperationExecutor$BuildOperationState;Lorg/gradle/internal/operations/DefaultBuildOperationExecutor$BuildOperationExecution;)Lorg/gradle/internal/operations/BuildOperation;+105
j  org.gradle.internal.operations.DefaultBuildOperationExecutor.execute(Lorg/gradle/internal/operations/BuildOperation;Lorg/gradle/internal/operations/BuildOperationWorker;Lorg/gradle/internal/operations/DefaultBuildOperationExecutor$BuildOperationState;)V+22
j  org.gradle.internal.operations.DefaultBuildOperationExecutor.run(Lorg/gradle/internal/operations/RunnableBuildOperation;)V+10
j  org.gradle.internal.operations.DelegatingBuildOperationExecutor.run(Lorg/gradle/internal/operations/RunnableBuildOperation;)V+5
j  org.gradle.initialization.DefaultGradleLauncher.loadSettings()V+33
j  org.gradle.initialization.DefaultGradleLauncher.doBuildStages(Lorg/gradle/initialization/DefaultGradleLauncher$Stage;)V+1
j  org.gradle.initialization.DefaultGradleLauncher.executeTasks()Lorg/gradle/api/internal/GradleInternal;+4
j  org.gradle.internal.invocation.GradleBuildController$1.execute(Lorg/gradle/initialization/GradleLauncher;)V+1
j  org.gradle.internal.invocation.GradleBuildController$1.execute(Ljava/lang/Object;)V+5
j  org.gradle.internal.invocation.GradleBuildController$3.create()Lorg/gradle/api/internal/GradleInternal;+31
j  org.gradle.internal.invocation.GradleBuildController$3.create()Ljava/lang/Object;+1
j  org.gradle.internal.work.DefaultWorkerLeaseService.withLocks(Ljava/lang/Iterable;Lorg/gradle/internal/Factory;)Ljava/lang/Object;+26
j  org.gradle.internal.work.StopShieldingWorkerLeaseService.withLocks(Ljava/lang/Iterable;Lorg/gradle/internal/Factory;)Ljava/lang/Object;+6
j  org.gradle.internal.invocation.GradleBuildController.doBuild(Lorg/gradle/api/internal/GradleInternal$BuildType;Lorg/gradle/api/Action;)Lorg/gradle/api/internal/GradleInternal;+26
j  org.gradle.internal.invocation.GradleBuildController.run()Lorg/gradle/api/internal/GradleInternal;+12
j  org.gradle.tooling.internal.provider.runner.ClientProvidedPhasedActionRunner.run(Lorg/gradle/internal/invocation/BuildAction;Lorg/gradle/internal/invocation/BuildController;)Lorg/gradle/internal/invocation/BuildActionRunner$Result;+92
j  org.gradle.launcher.exec.ChainingBuildActionRunner.run(Lorg/gradle/internal/invocation/BuildAction;Lorg/gradle/internal/invocation/BuildController;)Lorg/gradle/internal/invocation/BuildActionRunner$Result;+34
j  org.gradle.launcher.exec.ChainingBuildActionRunner.run(Lorg/gradle/internal/invocation/BuildAction;Lorg/gradle/internal/invocation/BuildController;)Lorg/gradle/internal/invocation/BuildActionRunner$Result;+34
j  org.gradle.launcher.exec.BuildOutcomeReportingBuildActionRunner.run(Lorg/gradle/internal/invocation/BuildAction;Lorg/gradle/internal/invocation/BuildController;)Lorg/gradle/internal/invocation/BuildActionRunner$Result;+143
j  org.gradle.tooling.internal.provider.ValidatingBuildActionRunner.run(Lorg/gradle/internal/invocation/BuildAction;Lorg/gradle/internal/invocation/BuildController;)Lorg/gradle/internal/invocation/BuildActionRunner$Result;+6
j  org.gradle.launcher.exec.BuildCompletionNotifyingBuildActionRunner.run(Lorg/gradle/internal/invocation/BuildAction;Lorg/gradle/internal/invocation/BuildController;)Lorg/gradle/internal/invocation/BuildActionRunner$Result;+28
j  org.gradle.launcher.exec.RunAsBuildOperationBuildActionRunner$3.call(Lorg/gradle/internal/operations/BuildOperationContext;)Lorg/gradle/internal/invocation/BuildActionRunner$Result;+95
j  org.gradle.launcher.exec.RunAsBuildOperationBuildActionRunner$3.call(Lorg/gradle/internal/operations/BuildOperationContext;)Ljava/lang/Object;+2
j  org.gradle.internal.operations.DefaultBuildOperationExecutor$CallableBuildOperationWorker.execute(Lorg/gradle/internal/operations/CallableBuildOperation;Lorg/gradle/internal/operations/BuildOperationContext;)V+3
j  org.gradle.internal.operations.DefaultBuildOperationExecutor$CallableBuildOperationWorker.execute(Lorg/gradle/internal/operations/BuildOperation;Lorg/gradle/internal/operations/BuildOperationContext;)V+6
j  org.gradle.internal.operations.DefaultBuildOperationExecutor$1.execute(Lorg/gradle/internal/operations/BuildOperationDescriptor;Lorg/gradle/internal/operations/DefaultBuildOperationExecutor$DefaultBuildOperationContext;Lorg/gradle/internal/operations/DefaultBuildOperationExecutor$BuildOperationExecutionListener;)Lorg/gradle/internal/operations/BuildOperation;+18
j  org.gradle.internal.operations.DefaultBuildOperationExecutor.execute(Lorg/gradle/internal/operations/BuildOperationDescriptor$Builder;Lorg/gradle/internal/operations/DefaultBuildOperationExecutor$BuildOperationState;Lorg/gradle/internal/operations/DefaultBuildOperationExecutor$BuildOperationExecution;)Lorg/gradle/internal/operations/BuildOperation;+105
j  org.gradle.internal.operations.DefaultBuildOperationExecutor.execute(Lorg/gradle/internal/operations/BuildOperation;Lorg/gradle/internal/operations/BuildOperationWorker;Lorg/gradle/internal/operations/DefaultBuildOperationExecutor$BuildOperationState;)V+22
j  org.gradle.internal.operations.DefaultBuildOperationExecutor.call(Lorg/gradle/internal/operations/CallableBuildOperation;)Ljava/lang/Object;+16
j  org.gradle.internal.operations.DelegatingBuildOperationExecutor.call(Lorg/gradle/internal/operations/CallableBuildOperation;)Ljava/lang/Object;+5
j  org.gradle.launcher.exec.RunAsBuildOperationBuildActionRunner.run(Lorg/gradle/internal/invocation/BuildAction;Lorg/gradle/internal/invocation/BuildController;)Lorg/gradle/internal/invocation/BuildActionRunner$Result;+33
j  org.gradle.launcher.exec.InProcessBuildActionExecuter$1.transform(Lorg/gradle/internal/invocation/BuildController;)Lorg/gradle/launcher/exec/BuildActionResult;+12
j  org.gradle.launcher.exec.InProcessBuildActionExecuter$1.transform(Ljava/lang/Object;)Ljava/lang/Object;+5
j  org.gradle.composite.internal.DefaultRootBuildState.run(Lorg/gradle/api/Transformer;)Ljava/lang/Object;+35
j  org.gradle.launcher.exec.InProcessBuildActionExecuter.execute(Lorg/gradle/internal/invocation/BuildAction;Lorg/gradle/initialization/BuildRequestContext;Lorg/gradle/launcher/exec/BuildActionParameters;Lorg/gradle/internal/service/ServiceRegistry;)Lorg/gradle/launcher/exec/BuildActionResult;+82
j  org.gradle.launcher.exec.InProcessBuildActionExecuter.execute(Lorg/gradle/internal/invocation/BuildAction;Lorg/gradle/initialization/BuildRequestContext;Ljava/lang/Object;Lorg/gradle/internal/service/ServiceRegistry;)Lorg/gradle/launcher/exec/BuildActionResult;+9
j  org.gradle.launcher.exec.BuildTreeScopeBuildActionExecuter.execute(Lorg/gradle/internal/invocation/BuildAction;Lorg/gradle/initialization/BuildRequestContext;Lorg/gradle/launcher/exec/BuildActionParameters;Lorg/gradle/internal/service/ServiceRegistry;)Lorg/gradle/launcher/exec/BuildActionResult;+38
j  org.gradle.launcher.exec.BuildTreeScopeBuildActionExecuter.execute(Lorg/gradle/internal/invocation/BuildAction;Lorg/gradle/initialization/BuildRequestContext;Ljava/lang/Object;Lorg/gradle/internal/service/ServiceRegistry;)Lorg/gradle/launcher/exec/BuildActionResult;+9
j  org.gradle.tooling.internal.provider.ContinuousBuildActionExecuter.execute(Lorg/gradle/internal/invocation/BuildAction;Lorg/gradle/initialization/BuildRequestContext;Lorg/gradle/launcher/exec/BuildActionParameters;Lorg/gradle/internal/service/ServiceRegistry;)Lorg/gradle/launcher/exec/BuildActionResult;+58
j  org.gradle.tooling.internal.provider.ContinuousBuildActionExecuter.execute(Lorg/gradle/internal/invocation/BuildAction;Lorg/gradle/initialization/BuildRequestContext;Ljava/lang/Object;Lorg/gradle/internal/service/ServiceRegistry;)Lorg/gradle/launcher/exec/BuildActionResult;+9
j  org.gradle.tooling.internal.provider.SubscribableBuildActionExecuter.execute(Lorg/gradle/internal/invocation/BuildAction;Lorg/gradle/initialization/BuildRequestContext;Lorg/gradle/launcher/exec/BuildActionParameters;Lorg/gradle/internal/service/ServiceRegistry;)Lorg/gradle/launcher/exec/BuildActionResult;+45
j  org.gradle.tooling.internal.provider.SubscribableBuildActionExecuter.execute(Lorg/gradle/internal/invocation/BuildAction;Lorg/gradle/initialization/BuildRequestContext;Ljava/lang/Object;Lorg/gradle/internal/service/ServiceRegistry;)Lorg/gradle/launcher/exec/BuildActionResult;+9
j  org.gradle.tooling.internal.provider.SessionScopeBuildActionExecuter.execute(Lorg/gradle/internal/invocation/BuildAction;Lorg/gradle/initialization/BuildRequestContext;Lorg/gradle/launcher/exec/BuildActionParameters;Lorg/gradle/internal/service/ServiceRegistry;)Lorg/gradle/launcher/exec/BuildActionResult;+117
j  org.gradle.tooling.internal.provider.SessionScopeBuildActionExecuter.execute(Lorg/gradle/internal/invocation/BuildAction;Lorg/gradle/initialization/BuildRequestContext;Ljava/lang/Object;Lorg/gradle/internal/service/ServiceRegistry;)Lorg/gradle/launcher/exec/BuildActionResult;+9
j  org.gradle.tooling.internal.provider.GradleThreadBuildActionExecuter.execute(Lorg/gradle/internal/invocation/BuildAction;Lorg/gradle/initialization/BuildRequestContext;Lorg/gradle/launcher/exec/BuildActionParameters;Lorg/gradle/internal/service/ServiceRegistry;)Lorg/gradle/launcher/exec/BuildActionResult;+12
j  org.gradle.tooling.internal.provider.GradleThreadBuildActionExecuter.execute(Lorg/gradle/internal/invocation/BuildAction;Lorg/gradle/initialization/BuildRequestContext;Ljava/lang/Object;Lorg/gradle/internal/service/ServiceRegistry;)Lorg/gradle/launcher/exec/BuildActionResult;+9
j  org.gradle.tooling.internal.provider.ParallelismConfigurationBuildActionExecuter.execute(Lorg/gradle/internal/invocation/BuildAction;Lorg/gradle/initialization/BuildRequestContext;Lorg/gradle/launcher/exec/BuildActionParameters;Lorg/gradle/internal/service/ServiceRegistry;)Lorg/gradle/launcher/exec/BuildActionResult;+43
j  org.gradle.tooling.internal.provider.ParallelismConfigurationBuildActionExecuter.execute(Lorg/gradle/internal/invocation/BuildAction;Lorg/gradle/initialization/BuildRequestContext;Ljava/lang/Object;Lorg/gradle/internal/service/ServiceRegistry;)Lorg/gradle/launcher/exec/BuildActionResult;+9
j  org.gradle.tooling.internal.provider.StartParamsValidatingActionExecuter.execute(Lorg/gradle/internal/invocation/BuildAction;Lorg/gradle/initialization/BuildRequestContext;Lorg/gradle/launcher/exec/BuildActionParameters;Lorg/gradle/internal/service/ServiceRegistry;)Lorg/gradle/launcher/exec/BuildActionResult;+177
j  org.gradle.tooling.internal.provider.StartParamsValidatingActionExecuter.execute(Lorg/gradle/internal/invocation/BuildAction;Lorg/gradle/initialization/BuildRequestContext;Ljava/lang/Object;Lorg/gradle/internal/service/ServiceRegistry;)Lorg/gradle/launcher/exec/BuildActionResult;+9
j  org.gradle.tooling.internal.provider.SessionFailureReportingActionExecuter.execute(Lorg/gradle/internal/invocation/BuildAction;Lorg/gradle/initialization/BuildRequestContext;Lorg/gradle/launcher/exec/BuildActionParameters;Lorg/gradle/internal/service/ServiceRegistry;)Lorg/gradle/launcher/exec/BuildActionResult;+9
j  org.gradle.tooling.internal.provider.SessionFailureReportingActionExecuter.execute(Lorg/gradle/internal/invocation/BuildAction;Lorg/gradle/initialization/BuildRequestContext;Ljava/lang/Object;Lorg/gradle/internal/service/ServiceRegistry;)Lorg/gradle/launcher/exec/BuildActionResult;+9
j  org.gradle.tooling.internal.provider.SetupLoggingActionExecuter.execute(Lorg/gradle/internal/invocation/BuildAction;Lorg/gradle/initialization/BuildRequestContext;Lorg/gradle/launcher/exec/BuildActionParameters;Lorg/gradle/internal/service/ServiceRegistry;)Lorg/gradle/launcher/exec/BuildActionResult;+52
j  org.gradle.tooling.internal.provider.SetupLoggingActionExecuter.execute(Lorg/gradle/internal/invocation/BuildAction;Lorg/gradle/initialization/BuildRequestContext;Ljava/lang/Object;Lorg/gradle/internal/service/ServiceRegistry;)Lorg/gradle/launcher/exec/BuildActionResult;+9
j  org.gradle.launcher.daemon.server.exec.ExecuteBuild.doBuild(Lorg/gradle/launcher/daemon/server/api/DaemonCommandExecution;Lorg/gradle/launcher/daemon/protocol/Build;)V+118
j  org.gradle.launcher.daemon.server.exec.BuildCommandOnly.execute(Lorg/gradle/launcher/daemon/server/api/DaemonCommandExecution;)V+49
j  org.gradle.launcher.daemon.server.api.DaemonCommandExecution.proceed()Z+28
j  org.gradle.launcher.daemon.server.exec.WatchForDisconnection.execute(Lorg/gradle/launcher/daemon/server/api/DaemonCommandExecution;)V+19
j  org.gradle.launcher.daemon.server.api.DaemonCommandExecution.proceed()Z+28
j  org.gradle.launcher.daemon.server.exec.ResetDeprecationLogger.execute(Lorg/gradle/launcher/daemon/server/api/DaemonCommandExecution;)V+4
j  org.gradle.launcher.daemon.server.api.DaemonCommandExecution.proceed()Z+28
j  org.gradle.launcher.daemon.server.exec.RequestStopIfSingleUsedDaemon.execute(Lorg/gradle/launcher/daemon/server/api/DaemonCommandExecution;)V+33
j  org.gradle.launcher.daemon.server.api.DaemonCommandExecution.proceed()Z+28
j  org.gradle.launcher.daemon.server.exec.ForwardClientInput$2.call()Ljava/lang/Void;+4
j  org.gradle.launcher.daemon.server.exec.ForwardClientInput$2.call()Ljava/lang/Object;+1
j  org.gradle.util.Swapper.swap(Ljava/lang/Object;Ljava/util/concurrent/Callable;)Ljava/lang/Object;+21
j  org.gradle.launcher.daemon.server.exec.ForwardClientInput.execute(Lorg/gradle/launcher/daemon/server/api/DaemonCommandExecution;)V+63
j  org.gradle.launcher.daemon.server.api.DaemonCommandExecution.proceed()Z+28
j  org.gradle.launcher.daemon.server.exec.LogAndCheckHealth.execute(Lorg/gradle/launcher/daemon/server/api/DaemonCommandExecution;)V+28
j  org.gradle.launcher.daemon.server.api.DaemonCommandExecution.proceed()Z+28
j  org.gradle.launcher.daemon.server.exec.LogToClient.doBuild(Lorg/gradle/launcher/daemon/server/api/DaemonCommandExecution;Lorg/gradle/launcher/daemon/protocol/Build;)V+87
j  org.gradle.launcher.daemon.server.exec.BuildCommandOnly.execute(Lorg/gradle/launcher/daemon/server/api/DaemonCommandExecution;)V+49
j  org.gradle.launcher.daemon.server.api.DaemonCommandExecution.proceed()Z+28
j  org.gradle.launcher.daemon.server.exec.EstablishBuildEnvironment.doBuild(Lorg/gradle/launcher/daemon/server/api/DaemonCommandExecution;Lorg/gradle/launcher/daemon/protocol/Build;)V+351
j  org.gradle.launcher.daemon.server.exec.BuildCommandOnly.execute(Lorg/gradle/launcher/daemon/server/api/DaemonCommandExecution;)V+49
j  org.gradle.launcher.daemon.server.api.DaemonCommandExecution.proceed()Z+28
j  org.gradle.launcher.daemon.server.exec.StartBuildOrRespondWithBusy$1.run()V+44
j  org.gradle.launcher.daemon.server.DaemonStateCoordinator$1.run()V+4
j  org.gradle.internal.concurrent.ExecutorPolicy$CatchAndRecordFailures.onExecute(Ljava/lang/Runnable;)V+1
j  org.gradle.internal.concurrent.ManagedExecutorImpl$1.run()V+25
j  java.util.concurrent.ThreadPoolExecutor.runWorker(Ljava/util/concurrent/ThreadPoolExecutor$Worker;)V+95
j  java.util.concurrent.ThreadPoolExecutor$Worker.run()V+5
j  org.gradle.internal.concurrent.ThreadFactoryImpl$ManagedThreadRunnable.run()V+7
j  java.lang.Thread.run()V+11
v  ~StubRoutines::call_stub

---------------  P R O C E S S  ---------------

Java Threads: ( => current thread )
  0x000000001981e000 JavaThread "Cache worker for execution history cache (C:\Users\asus\.gradle\caches\5.4.1\executionHistory)" [_thread_blocked, id=7020, stack(0x000000001ff30000,0x0000000020030000)]
  0x0000000019825000 JavaThread "Cache worker for cache directory md-rule (C:\Users\asus\.gradle\caches\5.4.1\md-rule)" [_thread_blocked, id=14532, stack(0x000000001fe30000,0x000000001ff30000)]
  0x000000001981f000 JavaThread "Cache worker for cache directory md-supplier (C:\Users\asus\.gradle\caches\5.4.1\md-supplier)" [_thread_blocked, id=14184, stack(0x000000001f1b0000,0x000000001f2b0000)]
  0x000000001981f800 JavaThread "Cache worker for file hash cache (C:\Users\asus\AndroidStudioProjects\FirstAPP\.gradle\5.4.1\fileHashes)" [_thread_blocked, id=18192, stack(0x000000001f330000,0x000000001f430000)]
  0x0000000019823800 JavaThread "Cache worker for journal cache (C:\Users\asus\.gradle\caches\journal-1)" [_thread_blocked, id=13924, stack(0x000000001bf40000,0x000000001c040000)]
  0x0000000019820800 JavaThread "File lock request listener" [_thread_in_native, id=4680, stack(0x000000001bc40000,0x000000001bd40000)]
  0x000000001a84e000 JavaThread "Cache worker for file hash cache (C:\Users\asus\.gradle\caches\5.4.1\fileHashes)" [_thread_blocked, id=6804, stack(0x000000001bb40000,0x000000001bc40000)]
  0x000000001a4a1800 JavaThread "Thread-9" [_thread_blocked, id=2652, stack(0x000000001ba40000,0x000000001bb40000)]
  0x000000001a3af000 JavaThread "Stdin handler" [_thread_blocked, id=14188, stack(0x000000001b940000,0x000000001ba40000)]
  0x000000001a3ae000 JavaThread "Asynchronous log dispatcher for DefaultDaemonConnection: socket connection from /127.0.0.1:59521 to /127.0.0.1:59522" [_thread_blocked, id=15200, stack(0x000000001b840000,0x000000001b940000)]
=>0x000000001a3d0800 JavaThread "Daemon worker" [_thread_in_vm, id=12216, stack(0x000000001b740000,0x000000001b840000)]
  0x000000001a881000 JavaThread "Cancel handler" [_thread_blocked, id=11984, stack(0x000000001b640000,0x000000001b740000)]
  0x000000001960c000 JavaThread "Handler for socket connection from /127.0.0.1:59521 to /127.0.0.1:59522" [_thread_in_native, id=5520, stack(0x000000001b340000,0x000000001b440000)]
  0x000000001a30d000 JavaThread "Daemon" [_thread_blocked, id=14804, stack(0x000000001b240000,0x000000001b340000)]
  0x0000000018a27800 JavaThread "Daemon periodic checks" [_thread_blocked, id=12132, stack(0x000000001b140000,0x000000001b240000)]
  0x0000000018984800 JavaThread "Incoming local TCP Connector on port 59521" [_thread_in_native, id=13948, stack(0x000000001af90000,0x000000001b090000)]
  0x000000001a5f4000 JavaThread "Daemon health stats" [_thread_blocked, id=9420, stack(0x000000001ac70000,0x000000001ad70000)]
  0x000000001875f000 JavaThread "Service Thread" daemon [_thread_blocked, id=7848, stack(0x00000000192a0000,0x00000000193a0000)]
  0x00000000186c6800 JavaThread "C1 CompilerThread3" daemon [_thread_blocked, id=13740, stack(0x00000000191a0000,0x00000000192a0000)]
  0x00000000186c2800 JavaThread "C2 CompilerThread2" daemon [_thread_blocked, id=14660, stack(0x00000000190a0000,0x00000000191a0000)]
  0x00000000186bf000 JavaThread "C2 CompilerThread1" daemon [_thread_in_native, id=4316, stack(0x0000000018fa0000,0x00000000190a0000)]
  0x00000000186bb800 JavaThread "C2 CompilerThread0" daemon [_thread_in_native, id=6700, stack(0x0000000018ea0000,0x0000000018fa0000)]
  0x00000000186b9000 JavaThread "Attach Listener" daemon [_thread_blocked, id=7876, stack(0x0000000018da0000,0x0000000018ea0000)]
  0x0000000018667000 JavaThread "Signal Dispatcher" daemon [_thread_blocked, id=14260, stack(0x0000000018ca0000,0x0000000018da0000)]
  0x0000000002a47800 JavaThread "Finalizer" daemon [_thread_blocked, id=18348, stack(0x0000000018b30000,0x0000000018c30000)]
  0x0000000018650800 JavaThread "Reference Handler" daemon [_thread_blocked, id=16888, stack(0x0000000018a30000,0x0000000018b30000)]
  0x0000000002a6d800 JavaThread "main" [_thread_blocked, id=7564, stack(0x00000000024e0000,0x00000000025e0000)]

Other Threads:
  0x0000000016847800 VMThread [stack: 0x0000000018530000,0x0000000018630000] [id=13544]
  0x0000000018760800 WatcherThread [stack: 0x00000000193a0000,0x00000000194a0000] [id=14628]

VM state:not at safepoint (normal execution)

VM Mutex/Monitor currently owned by a thread: None

heap address: 0x00000000a0000000, size: 1536 MB, Compressed Oops mode: 32-bit
Narrow klass base: 0x0000000000000000, Narrow klass shift: 3
Compressed class space size: 1073741824 Address: 0x0000000100000000

Heap:
 PSYoungGen      total 66560K, used 58050K [0x00000000e0000000, 0x00000000e4c00000, 0x0000000100000000)
  eden space 56832K, 87% used [0x00000000e0000000,0x00000000e3099db0,0x00000000e3780000)
  from space 9728K, 85% used [0x00000000e4180000,0x00000000e4996bf0,0x00000000e4b00000)
  to   space 10240K, 0% used [0x00000000e3780000,0x00000000e3780000,0x00000000e4180000)
 ParOldGen       total 45568K, used 7930K [0x00000000a0000000, 0x00000000a2c80000, 0x00000000e0000000)
  object space 45568K, 17% used [0x00000000a0000000,0x00000000a07beb20,0x00000000a2c80000)
 Metaspace       used 32062K, capacity 32726K, committed 33024K, reserved 1077248K
  class space    used 4331K, capacity 4530K, committed 4608K, reserved 1048576K

Card table byte_map: [0x0000000011e30000,0x0000000012140000] byte_map_base: 0x0000000011930000

Marking Bits: (ParMarkBitMap*) 0x000000007615f030
 Begin Bits: [0x0000000012b40000, 0x0000000014340000)
 End Bits:   [0x0000000014340000, 0x0000000015b40000)

Polling page: 0x00000000025e0000

CodeCache: size=245760Kb used=9636Kb max_used=9651Kb free=236123Kb
 bounds [0x0000000002a70000, 0x00000000033f0000, 0x0000000011a70000]
 total_blobs=3245 nmethods=2541 adapters=618
 compilation: enabled

Compilation events (10 events):
Event: 8.311 Thread 0x00000000186c6800 2566       3       org.objectweb.asm.Frame::setInputFrameFromDescriptor (175 bytes)
Event: 8.312 Thread 0x00000000186c6800 nmethod 2566 0x00000000033d6a50 code [0x00000000033d6c20, 0x00000000033d74f8]
Event: 8.312 Thread 0x00000000186c6800 2563       3       org.objectweb.asm.MethodWriter::visitJumpInsn (495 bytes)
Event: 8.313 Thread 0x00000000186c6800 nmethod 2563 0x00000000033d7ad0 code [0x00000000033d7e00, 0x00000000033d9638]
Event: 8.313 Thread 0x00000000186c6800 2564       3       org.objectweb.asm.Label::put (83 bytes)
Event: 8.314 Thread 0x00000000186c6800 nmethod 2564 0x00000000033da250 code [0x00000000033da420, 0x00000000033da838]
Event: 8.314 Thread 0x00000000186c2800 nmethod 2567 0x00000000033dd9d0 code [0x00000000033ddb20, 0x00000000033ddeb8]
Event: 8.314 Thread 0x00000000186c2800 2568       4       org.objectweb.asm.SymbolTable::addConstantUtf8 (98 bytes)
Event: 8.330 Thread 0x00000000186c2800 nmethod 2568 0x00000000033dac90 code [0x00000000033dae40, 0x00000000033dbb78]
Event: 8.344 Thread 0x00000000186c2800 2569   !   4       java.lang.ClassLoader::loadClass (122 bytes)

GC Heap History (10 events):
Event: 3.096 GC heap before
{Heap before GC invocations=5 (full 0):
 PSYoungGen      total 33280K, used 33272K [0x00000000e0000000, 0x00000000e4100000, 0x0000000100000000)
  eden space 28672K, 100% used [0x00000000e0000000,0x00000000e1c00000,0x00000000e1c00000)
  from space 4608K, 99% used [0x00000000e2080000,0x00000000e24fe030,0x00000000e2500000)
  to   space 4608K, 0% used [0x00000000e1c00000,0x00000000e1c00000,0x00000000e2080000)
 ParOldGen       total 76800K, used 4496K [0x00000000a0000000, 0x00000000a4b00000, 0x00000000e0000000)
  object space 76800K, 5% used [0x00000000a0000000,0x00000000a0464190,0x00000000a4b00000)
 Metaspace       used 16894K, capacity 17322K, committed 17408K, reserved 1064960K
  class space    used 2425K, capacity 2559K, committed 2560K, reserved 1048576K
Event: 3.104 GC heap after
Heap after GC invocations=5 (full 0):
 PSYoungGen      total 33280K, used 4584K [0x00000000e0000000, 0x00000000e4b00000, 0x0000000100000000)
  eden space 28672K, 0% used [0x00000000e0000000,0x00000000e0000000,0x00000000e1c00000)
  from space 4608K, 99% used [0x00000000e1c00000,0x00000000e207a040,0x00000000e2080000)
  to   space 9728K, 0% used [0x00000000e4180000,0x00000000e4180000,0x00000000e4b00000)
 ParOldGen       total 76800K, used 7718K [0x00000000a0000000, 0x00000000a4b00000, 0x00000000e0000000)
  object space 76800K, 10% used [0x00000000a0000000,0x00000000a07898b0,0x00000000a4b00000)
 Metaspace       used 16894K, capacity 17322K, committed 17408K, reserved 1064960K
  class space    used 2425K, capacity 2559K, committed 2560K, reserved 1048576K
}
Event: 6.412 GC heap before
{Heap before GC invocations=6 (full 0):
 PSYoungGen      total 33280K, used 33256K [0x00000000e0000000, 0x00000000e4b00000, 0x0000000100000000)
  eden space 28672K, 100% used [0x00000000e0000000,0x00000000e1c00000,0x00000000e1c00000)
  from space 4608K, 99% used [0x00000000e1c00000,0x00000000e207a040,0x00000000e2080000)
  to   space 9728K, 0% used [0x00000000e4180000,0x00000000e4180000,0x00000000e4b00000)
 ParOldGen       total 76800K, used 7718K [0x00000000a0000000, 0x00000000a4b00000, 0x00000000e0000000)
  object space 76800K, 10% used [0x00000000a0000000,0x00000000a07898b0,0x00000000a4b00000)
 Metaspace       used 19504K, capacity 20156K, committed 20224K, reserved 1067008K
  class space    used 2823K, capacity 3036K, committed 3072K, reserved 1048576K
Event: 6.421 GC heap after
Heap after GC invocations=6 (full 0):
 PSYoungGen      total 66560K, used 8071K [0x00000000e0000000, 0x00000000e4c00000, 0x0000000100000000)
  eden space 56832K, 0% used [0x00000000e0000000,0x00000000e0000000,0x00000000e3780000)
  from space 9728K, 82% used [0x00000000e4180000,0x00000000e4961e68,0x00000000e4b00000)
  to   space 10240K, 0% used [0x00000000e3780000,0x00000000e3780000,0x00000000e4180000)
 ParOldGen       total 76800K, used 7726K [0x00000000a0000000, 0x00000000a4b00000, 0x00000000e0000000)
  object space 76800K, 10% used [0x00000000a0000000,0x00000000a078b8b0,0x00000000a4b00000)
 Metaspace       used 19504K, capacity 20156K, committed 20224K, reserved 1067008K
  class space    used 2823K, capacity 3036K, committed 3072K, reserved 1048576K
}
Event: 6.547 GC heap before
{Heap before GC invocations=7 (full 0):
 PSYoungGen      total 66560K, used 16946K [0x00000000e0000000, 0x00000000e4c00000, 0x0000000100000000)
  eden space 56832K, 15% used [0x00000000e0000000,0x00000000e08aab00,0x00000000e3780000)
  from space 9728K, 82% used [0x00000000e4180000,0x00000000e4961e68,0x00000000e4b00000)
  to   space 10240K, 0% used [0x00000000e3780000,0x00000000e3780000,0x00000000e4180000)
 ParOldGen       total 76800K, used 7726K [0x00000000a0000000, 0x00000000a4b00000, 0x00000000e0000000)
  object space 76800K, 10% used [0x00000000a0000000,0x00000000a078b8b0,0x00000000a4b00000)
 Metaspace       used 20625K, capacity 21220K, committed 21296K, reserved 1067008K
  class space    used 2943K, capacity 3134K, committed 3200K, reserved 1048576K
Event: 6.558 GC heap after
Heap after GC invocations=7 (full 0):
 PSYoungGen      total 67072K, used 5068K [0x00000000e0000000, 0x00000000e4c00000, 0x0000000100000000)
  eden space 56832K, 0% used [0x00000000e0000000,0x00000000e0000000,0x00000000e3780000)
  from space 10240K, 49% used [0x00000000e3780000,0x00000000e3c73248,0x00000000e4180000)
  to   space 9728K, 0% used [0x00000000e4180000,0x00000000e4180000,0x00000000e4b00000)
 ParOldGen       total 76800K, used 9637K [0x00000000a0000000, 0x00000000a4b00000, 0x00000000e0000000)
  object space 76800K, 12% used [0x00000000a0000000,0x00000000a09697b0,0x00000000a4b00000)
 Metaspace       used 20625K, capacity 21220K, committed 21296K, reserved 1067008K
  class space    used 2943K, capacity 3134K, committed 3200K, reserved 1048576K
}
Event: 6.558 GC heap before
{Heap before GC invocations=8 (full 1):
 PSYoungGen      total 67072K, used 5068K [0x00000000e0000000, 0x00000000e4c00000, 0x0000000100000000)
  eden space 56832K, 0% used [0x00000000e0000000,0x00000000e0000000,0x00000000e3780000)
  from space 10240K, 49% used [0x00000000e3780000,0x00000000e3c73248,0x00000000e4180000)
  to   space 9728K, 0% used [0x00000000e4180000,0x00000000e4180000,0x00000000e4b00000)
 ParOldGen       total 76800K, used 9637K [0x00000000a0000000, 0x00000000a4b00000, 0x00000000e0000000)
  object space 76800K, 12% used [0x00000000a0000000,0x00000000a09697b0,0x00000000a4b00000)
 Metaspace       used 20625K, capacity 21220K, committed 21296K, reserved 1067008K
  class space    used 2943K, capacity 3134K, committed 3200K, reserved 1048576K
Event: 6.593 GC heap after
Heap after GC invocations=8 (full 1):
 PSYoungGen      total 67072K, used 0K [0x00000000e0000000, 0x00000000e4c00000, 0x0000000100000000)
  eden space 56832K, 0% used [0x00000000e0000000,0x00000000e0000000,0x00000000e3780000)
  from space 10240K, 0% used [0x00000000e3780000,0x00000000e3780000,0x00000000e4180000)
  to   space 9728K, 0% used [0x00000000e4180000,0x00000000e4180000,0x00000000e4b00000)
 ParOldGen       total 45568K, used 7922K [0x00000000a0000000, 0x00000000a2c80000, 0x00000000e0000000)
  object space 45568K, 17% used [0x00000000a0000000,0x00000000a07bcb20,0x00000000a2c80000)
 Metaspace       used 20625K, capacity 21220K, committed 21296K, reserved 1067008K
  class space    used 2943K, capacity 3134K, committed 3200K, reserved 1048576K
}
Event: 7.799 GC heap before
{Heap before GC invocations=9 (full 1):
 PSYoungGen      total 67072K, used 56832K [0x00000000e0000000, 0x00000000e4c00000, 0x0000000100000000)
  eden space 56832K, 100% used [0x00000000e0000000,0x00000000e3780000,0x00000000e3780000)
  from space 10240K, 0% used [0x00000000e3780000,0x00000000e3780000,0x00000000e4180000)
  to   space 9728K, 0% used [0x00000000e4180000,0x00000000e4180000,0x00000000e4b00000)
 ParOldGen       total 45568K, used 7922K [0x00000000a0000000, 0x00000000a2c80000, 0x00000000e0000000)
  object space 45568K, 17% used [0x00000000a0000000,0x00000000a07bcb20,0x00000000a2c80000)
 Metaspace       used 28766K, capacity 29438K, committed 29696K, reserved 1075200K
  class space    used 3787K, capacity 4014K, committed 4096K, reserved 1048576K
Event: 7.805 GC heap after
Heap after GC invocations=9 (full 1):
 PSYoungGen      total 66560K, used 8282K [0x00000000e0000000, 0x00000000e4c00000, 0x0000000100000000)
  eden space 56832K, 0% used [0x00000000e0000000,0x00000000e0000000,0x00000000e3780000)
  from space 9728K, 85% used [0x00000000e4180000,0x00000000e4996bf0,0x00000000e4b00000)
  to   space 10240K, 0% used [0x00000000e3780000,0x00000000e3780000,0x00000000e4180000)
 ParOldGen       total 45568K, used 7930K [0x00000000a0000000, 0x00000000a2c80000, 0x00000000e0000000)
  object space 45568K, 17% used [0x00000000a0000000,0x00000000a07beb20,0x00000000a2c80000)
 Metaspace       used 28766K, capacity 29438K, committed 29696K, reserved 1075200K
  class space    used 3787K, capacity 4014K, committed 4096K, reserved 1048576K
}

Deoptimization events (10 events):
Event: 7.634 Thread 0x000000001a3d0800 Uncommon trap: reason=class_check action=maybe_recompile pc=0x0000000002d900ec method=sun.misc.URLClassPath.getResource(Ljava/lang/String;Z)Lsun/misc/Resource; @ 62
Event: 7.634 Thread 0x000000001a3d0800 Uncommon trap: reason=unstable_if action=reinterpret pc=0x00000000031f8978 method=java.lang.String.regionMatches(ZILjava/lang/String;II)Z @ 41
Event: 7.656 Thread 0x000000001a3d0800 Uncommon trap: reason=class_check action=maybe_recompile pc=0x00000000031e8330 method=sun.misc.URLClassPath.getLoader(I)Lsun/misc/URLClassPath$Loader; @ 239
Event: 7.656 Thread 0x000000001a3d0800 Uncommon trap: reason=unstable_if action=reinterpret pc=0x0000000002f0ed94 method=java.lang.String.regionMatches(ZILjava/lang/String;II)Z @ 41
Event: 7.665 Thread 0x000000001a3d0800 Uncommon trap: reason=class_check action=maybe_recompile pc=0x00000000031e8330 method=sun.misc.URLClassPath.getLoader(I)Lsun/misc/URLClassPath$Loader; @ 239
Event: 7.693 Thread 0x000000001a3d0800 Uncommon trap: reason=class_check action=maybe_recompile pc=0x00000000031e8330 method=sun.misc.URLClassPath.getLoader(I)Lsun/misc/URLClassPath$Loader; @ 239
Event: 7.762 Thread 0x000000001a3d0800 Uncommon trap: reason=class_check action=maybe_recompile pc=0x00000000031e15e0 method=sun.misc.URLClassPath.getLoader(I)Lsun/misc/URLClassPath$Loader; @ 239
Event: 7.831 Thread 0x000000001a3d0800 Uncommon trap: reason=unstable_if action=reinterpret pc=0x0000000002f07100 method=java.util.HashMap.hash(Ljava/lang/Object;)I @ 1
Event: 7.914 Thread 0x000000001a3d0800 Uncommon trap: reason=unstable_if action=reinterpret pc=0x0000000002d0bc1c method=java.io.WinNTFileSystem.resolve(Ljava/lang/String;Ljava/lang/String;)Ljava/lang/String; @ 49
Event: 8.279 Thread 0x000000001a3d0800 Uncommon trap: reason=unstable_if action=reinterpret pc=0x0000000002ccaf78 method=java.util.HashMap.getNode(ILjava/lang/Object;)Ljava/util/HashMap$Node; @ 129

Classes redefined (0 events):
No events

Internal exceptions (10 events):
Event: 7.701 Thread 0x000000001a3d0800 Exception <a 'java/lang/ClassNotFoundException': groovy/lang/Closure$1Customizer> (0x00000000e2e43568) thrown at [C:\src\AOSP-openjdk-git\hotspot\src\share\vm\classfile\systemDictionary.cpp, line 210]
Event: 7.760 Thread 0x000000001a3d0800 Exception <a 'java/lang/ClassNotFoundException': org/gradle/internal/metaobject/ConfigureDelegateBeanInfo> (0x00000000e32c0970) thrown at [C:\src\AOSP-openjdk-git\hotspot\src\share\vm\classfile\systemDictionary.cpp, line 210]
Event: 7.760 Thread 0x000000001a3d0800 Exception <a 'java/lang/ClassNotFoundException': org/gradle/internal/metaobject/ConfigureDelegateCustomizer> (0x00000000e32e97b0) thrown at [C:\src\AOSP-openjdk-git\hotspot\src\share\vm\classfile\systemDictionary.cpp, line 210]
Event: 7.767 Thread 0x000000001a3d0800 Exception <a 'java/lang/ClassNotFoundException': org/gradle/api/internal/initialization/DefaultScriptHandlerBeanInfo> (0x00000000e336f148) thrown at [C:\src\AOSP-openjdk-git\hotspot\src\share\vm\classfile\systemDictionary.cpp, line 210]
Event: 7.768 Thread 0x000000001a3d0800 Exception <a 'java/lang/ClassNotFoundException': org/gradle/api/internal/initialization/DefaultScriptHandlerCustomizer> (0x00000000e339f5c8) thrown at [C:\src\AOSP-openjdk-git\hotspot\src\share\vm\classfile\systemDictionary.cpp, line 210]
Event: 7.831 Thread 0x000000001a3d0800 Implicit null exception at 0x0000000002f06f15 to 0x0000000002f070f1
Event: 8.233 Thread 0x000000001a3d0800 Exception <a 'java/lang/ClassNotFoundException': org/gradle/api/internal/artifacts/dsl/dependencies/DefaultDependencyHandler_DecoratedBeanInfo> (0x00000000e23cf4c0) thrown at [C:\src\AOSP-openjdk-git\hotspot\src\share\vm\classfile\systemDictionary.cpp, li
Event: 8.234 Thread 0x000000001a3d0800 Exception <a 'java/lang/ClassNotFoundException': org/gradle/api/internal/artifacts/dsl/dependencies/DefaultDependencyHandlerBeanInfo> (0x00000000e241ed10) thrown at [C:\src\AOSP-openjdk-git\hotspot\src\share\vm\classfile\systemDictionary.cpp, line 210]
Event: 8.236 Thread 0x000000001a3d0800 Exception <a 'java/lang/ClassNotFoundException': org/gradle/api/internal/artifacts/dsl/dependencies/DefaultDependencyHandlerCustomizer> (0x00000000e246f210) thrown at [C:\src\AOSP-openjdk-git\hotspot\src\share\vm\classfile\systemDictionary.cpp, line 210]
Event: 8.240 Thread 0x000000001a3d0800 Exception <a 'java/lang/ClassNotFoundException': org/gradle/api/internal/artifacts/dsl/dependencies/DefaultDependencyHandler_DecoratedCustomizer> (0x00000000e24f3060) thrown at [C:\src\AOSP-openjdk-git\hotspot\src\share\vm\classfile\systemDictionary.cpp, 

Events (10 events):
Event: 8.361 loading class org/gradle/internal/resolve/result/DefaultResourceAwareResolveResult
Event: 8.361 loading class org/gradle/internal/resolve/result/DefaultResourceAwareResolveResult done
Event: 8.361 loading class org/gradle/api/internal/artifacts/DefaultModule
Event: 8.361 loading class org/gradle/api/internal/artifacts/DefaultModule done
Event: 8.362 loading class org/gradle/internal/component/external/model/DefaultModuleComponentIdentifier
Event: 8.362 loading class org/gradle/internal/component/external/model/DefaultModuleComponentIdentifier done
Event: 8.363 loading class org/gradle/api/internal/artifacts/DefaultModuleVersionIdentifier
Event: 8.363 loading class org/gradle/api/internal/artifacts/DefaultModuleVersionIdentifier done
Event: 8.363 loading class org/gradle/api/artifacts/ModuleVersionIdentifier
Event: 8.363 loading class org/gradle/api/artifacts/ModuleVersionIdentifier done


Dynamic libraries:
0x00007ff633400000 - 0x00007ff633431000 	E:\Android\jre\bin\java.exe
0x00007ffe574c0000 - 0x00007ffe576b0000 	C:\WINDOWS\SYSTEM32\ntdll.dll
0x00007ffe56df0000 - 0x00007ffe56ea2000 	C:\WINDOWS\System32\KERNEL32.DLL
0x00007ffe54df0000 - 0x00007ffe55095000 	C:\WINDOWS\System32\KERNELBASE.dll
0x00007ffe56990000 - 0x00007ffe56a33000 	C:\WINDOWS\System32\ADVAPI32.dll
0x00007ffe561b0000 - 0x00007ffe5624e000 	C:\WINDOWS\System32\msvcrt.dll
0x00007ffe57050000 - 0x00007ffe570e7000 	C:\WINDOWS\System32\sechost.dll
0x00007ffe56cd0000 - 0x00007ffe56def000 	C:\WINDOWS\System32\RPCRT4.dll
0x00007ffe56eb0000 - 0x00007ffe57044000 	C:\WINDOWS\System32\USER32.dll
0x00007ffe54ca0000 - 0x00007ffe54cc1000 	C:\WINDOWS\System32\win32u.dll
0x00007ffe56ca0000 - 0x00007ffe56cc6000 	C:\WINDOWS\System32\GDI32.dll
0x00007ffe550a0000 - 0x00007ffe55238000 	C:\WINDOWS\System32\gdi32full.dll
0x00007ffe54bb0000 - 0x00007ffe54c4e000 	C:\WINDOWS\System32\msvcp_win.dll
0x00007ffe54cd0000 - 0x00007ffe54dca000 	C:\WINDOWS\System32\ucrtbase.dll
0x00007ffe450d0000 - 0x00007ffe45354000 	C:\WINDOWS\WinSxS\amd64_microsoft.windows.common-controls_6595b64144ccf1df_6.0.18362.1440_none_9e7dbfb9e45e8e67\COMCTL32.dll
0x00007ffe55570000 - 0x00007ffe558a6000 	C:\WINDOWS\System32\combase.dll
0x00007ffe554e0000 - 0x00007ffe55561000 	C:\WINDOWS\System32\bcryptPrimitives.dll
0x00007ffe56ac0000 - 0x00007ffe56aee000 	C:\WINDOWS\System32\IMM32.DLL
0x00000000758b0000 - 0x0000000075982000 	E:\Android\jre\jre\bin\msvcr100.dll
0x0000000075990000 - 0x00000000761db000 	E:\Android\jre\jre\bin\server\jvm.dll
0x00007ffe570f0000 - 0x00007ffe570f8000 	C:\WINDOWS\System32\PSAPI.DLL
0x00007ffe51db0000 - 0x00007ffe51dd4000 	C:\WINDOWS\SYSTEM32\WINMM.dll
0x00007ffe53f40000 - 0x00007ffe53f4a000 	C:\WINDOWS\SYSTEM32\VERSION.dll
0x00007ffe4d780000 - 0x00007ffe4d789000 	C:\WINDOWS\SYSTEM32\WSOCK32.dll
0x00007ffe57100000 - 0x00007ffe5716f000 	C:\WINDOWS\System32\WS2_32.dll
0x00007ffe51d80000 - 0x00007ffe51dad000 	C:\WINDOWS\SYSTEM32\winmmbase.dll
0x00007ffe54c50000 - 0x00007ffe54c9a000 	C:\WINDOWS\System32\cfgmgr32.dll
0x00007ffe4a510000 - 0x00007ffe4a51f000 	E:\Android\jre\jre\bin\verify.dll
0x00007ffe3bbe0000 - 0x00007ffe3bc09000 	E:\Android\jre\jre\bin\java.dll
0x00007ffe3ea40000 - 0x00007ffe3ea56000 	E:\Android\jre\jre\bin\zip.dll
0x00007ffe558b0000 - 0x00007ffe55f98000 	C:\WINDOWS\System32\SHELL32.dll
0x00007ffe56100000 - 0x00007ffe561a7000 	C:\WINDOWS\System32\shcore.dll
0x00007ffe54430000 - 0x00007ffe54bab000 	C:\WINDOWS\System32\windows.storage.dll
0x00007ffe543f0000 - 0x00007ffe5440e000 	C:\WINDOWS\System32\profapi.dll
0x00007ffe54380000 - 0x00007ffe543ca000 	C:\WINDOWS\System32\powrprof.dll
0x00007ffe54370000 - 0x00007ffe54380000 	C:\WINDOWS\System32\UMPDC.dll
0x00007ffe57170000 - 0x00007ffe571c2000 	C:\WINDOWS\System32\shlwapi.dll
0x00007ffe54410000 - 0x00007ffe54421000 	C:\WINDOWS\System32\kernel.appcore.dll
0x00007ffe54dd0000 - 0x00007ffe54de7000 	C:\WINDOWS\System32\cryptsp.dll
0x00007ffe3bbc0000 - 0x00007ffe3bbda000 	E:\Android\jre\jre\bin\net.dll
0x00007ffe53a90000 - 0x00007ffe53af7000 	C:\WINDOWS\system32\mswsock.dll
0x00007ffe39f80000 - 0x00007ffe39f93000 	E:\Android\jre\jre\bin\nio.dll
0x00007ffe51ad0000 - 0x00007ffe51af6000 	C:\Users\asus\.gradle\native\29\windows-amd64\native-platform.dll
0x00007ffe4a430000 - 0x00007ffe4a43d000 	E:\Android\jre\jre\bin\management.dll
0x00007ffe53620000 - 0x00007ffe53653000 	C:\WINDOWS\system32\rsaenh.dll
0x00007ffe554b0000 - 0x00007ffe554d6000 	C:\WINDOWS\System32\bcrypt.dll
0x00007ffe54250000 - 0x00007ffe54275000 	C:\WINDOWS\SYSTEM32\USERENV.dll
0x00007ffe53c20000 - 0x00007ffe53c2c000 	C:\WINDOWS\SYSTEM32\CRYPTBASE.dll
0x00007ffe537b0000 - 0x00007ffe537ea000 	C:\WINDOWS\SYSTEM32\IPHLPAPI.DLL
0x00007ffe571d0000 - 0x00007ffe571d8000 	C:\WINDOWS\System32\NSI.dll
0x00007ffe4d740000 - 0x00007ffe4d756000 	C:\WINDOWS\SYSTEM32\dhcpcsvc6.DLL
0x00007ffe4d870000 - 0x00007ffe4d88c000 	C:\WINDOWS\SYSTEM32\dhcpcsvc.DLL
0x00007ffe537f0000 - 0x00007ffe538bb000 	C:\WINDOWS\SYSTEM32\DNSAPI.dll

VM Arguments:
jvm_args: -Xmx1536m -Dfile.encoding=GBK -Duser.country=CN -Duser.language=zh -Duser.variant 
java_command: org.gradle.launcher.daemon.bootstrap.GradleDaemon 5.4.1
java_class_path (initial): C:\Users\asus\.gradle\wrapper\dists\gradle-5.4.1-all\3221gyojl5jsh0helicew7rwx\gradle-5.4.1\lib\gradle-launcher-5.4.1.jar
Launcher Type: SUN_STANDARD

Environment Variables:
CLASSPATH=C:\Program Files\Java\jdk1.8.0_131\lib;C:\Program Files\Java\jdk1.8.0_131\bin;
PATH=C:\ProgramData\Oracle\Java\javapath;C:\Windows\system32;C:\Windows;C:\Windows\System32\Wbem;C:\Windows\System32\WindowsPowerShell\v1.0\;C:\Windows\System32\OpenSSH\;C:\Program Files (x86)\NVIDIA Corporation\PhysX\Common;C:\WINDOWS\system32;C:\WINDOWS;C:\WINDOWS\System32\Wbem;C:\WINDOWS\System32\WindowsPowerShell\v1.0\;C:\WINDOWS\System32\OpenSSH\;C:\Program Files\NVIDIA Corporation\NVIDIA NvDLISR;%JAVA_HOME%\bin??;C:\Program Files (x86)\Rational\common;C:\Program Files\Java\jdk1.8.0_131\bin;%JAVA_HOME%\jre\bin??;C:\Program Files\MySQL\MySQL Server 5.7\bin;E:\Matlab\runtime\win64;E:\Matlab\bin;E:\Matlab\polyspace\bin;C:\Program Files\MySQL\MySQL Shell 8.0\bin\;C:\Users\asus\AppData\Local\Microsoft\WindowsApps;
USERNAME=asus
OS=Windows_NT
PROCESSOR_IDENTIFIER=AMD64 Family 23 Model 17 Stepping 0, AuthenticAMD



---------------  S Y S T E M  ---------------

OS: Windows 10.0 , 64 bit Build 18362 (10.0.18362.1350)

CPU:total 8 (initial active 8) (8 cores per cpu, 1 threads per core) family 23 model 17 stepping 0, cmov, cx8, fxsr, mmx, sse, sse2, sse3, ssse3, sse4.1, sse4.2, popcnt, avx, avx2, aes, clmul, mmxext, 3dnowpref, lzcnt, sse4a, tsc, tscinvbit, tscinv, bmi1

Memory: 4k page, physical 7287016k(2898168k free), swap 29307112k(5132k free)

vm_info: OpenJDK 64-Bit Server VM (25.242-b01) for windows-amd64 JRE (1.8.0_242-release-1644-b01), built by "builder" with MS VC++ 10.0 (VS2010)

time: Thu Apr 08 21:51:18 2021
timezone: 
elapsed time: 8 seconds (0d 0h 0m 8s)

